c:\users\wjsgh\desktop\hojoon\study\coding\cpp_prac\cpp_prac\x64\debug\vc143.pdb
c:\users\wjsgh\desktop\hojoon\study\coding\cpp_prac\cpp_prac\x64\debug\vc143.idb
c:\users\wjsgh\desktop\hojoon\study\coding\cpp_prac\cpp_prac\x64\debug\cstr.obj
c:\users\wjsgh\desktop\hojoon\study\coding\cpp_prac\cpp_prac\x64\debug\mystring.obj
c:\users\wjsgh\desktop\hojoon\study\coding\cpp_prac\x64\debug\cpp_prac.exe
c:\users\wjsgh\desktop\hojoon\study\coding\cpp_prac\cpp_prac\x64\debug\cpp_prac.ilk
c:\users\wjsgh\desktop\hojoon\study\coding\cpp_prac\x64\debug\cpp_prac.pdb
c:\users\wjsgh\desktop\hojoon\study\coding\cpp_prac\cpp_prac\x64\debug\c1main.obj
c:\users\wjsgh\desktop\hojoon\study\coding\cpp_prac\cpp_prac\x64\debug\charstack.obj
c:\users\wjsgh\desktop\hojoon\study\coding\cpp_prac\cpp_prac\x64\debug\cntmmain.obj
c:\users\wjsgh\desktop\hojoon\study\coding\cpp_prac\cpp_prac\x64\debug\complex1.obj
c:\users\wjsgh\desktop\hojoon\study\coding\cpp_prac\cpp_prac\x64\debug\csmain.obj
c:\users\wjsgh\desktop\hojoon\study\coding\cpp_prac\cpp_prac\x64\debug\namedobj.obj
c:\users\wjsgh\desktop\hojoon\study\coding\cpp_prac\cpp_prac\x64\debug\pencils.obj
c:\users\wjsgh\desktop\hojoon\study\coding\cpp_prac\cpp_prac\x64\debug\person.obj
c:\users\wjsgh\desktop\hojoon\study\coding\cpp_prac\cpp_prac\x64\debug\pnclmain.obj
c:\users\wjsgh\desktop\hojoon\study\coding\cpp_prac\cpp_prac\x64\debug\prsnmain.obj
c:\users\wjsgh\desktop\hojoon\study\coding\cpp_prac\cpp_prac\x64\debug\safearr.obj
c:\users\wjsgh\desktop\hojoon\study\coding\cpp_prac\cpp_prac\x64\debug\staticdm.obj
c:\users\wjsgh\desktop\hojoon\study\coding\cpp_prac\cpp_prac\x64\debug\vfmain1.obj
c:\users\wjsgh\desktop\hojoon\study\coding\cpp_prac\cpp_prac\x64\debug\vfmain2.obj
c:\users\wjsgh\desktop\hojoon\study\coding\cpp_prac\cpp_prac\x64\debug\vfmain3.obj
c:\users\wjsgh\desktop\hojoon\study\coding\cpp_prac\cpp_prac\x64\debug\vfmain4.obj
c:\users\wjsgh\desktop\hojoon\study\coding\cpp_prac\cpp_prac\x64\debug\cpp_prac.tlog\cl.command.1.tlog
c:\users\wjsgh\desktop\hojoon\study\coding\cpp_prac\cpp_prac\x64\debug\cpp_prac.tlog\cl.read.1.tlog
c:\users\wjsgh\desktop\hojoon\study\coding\cpp_prac\cpp_prac\x64\debug\cpp_prac.tlog\cl.write.1.tlog
c:\users\wjsgh\desktop\hojoon\study\coding\cpp_prac\cpp_prac\x64\debug\cpp_prac.tlog\link-cvtres.read.1.tlog
c:\users\wjsgh\desktop\hojoon\study\coding\cpp_prac\cpp_prac\x64\debug\cpp_prac.tlog\link-cvtres.write.1.tlog
c:\users\wjsgh\desktop\hojoon\study\coding\cpp_prac\cpp_prac\x64\debug\cpp_prac.tlog\link-rc.read.1.tlog
c:\users\wjsgh\desktop\hojoon\study\coding\cpp_prac\cpp_prac\x64\debug\cpp_prac.tlog\link-rc.write.1.tlog
c:\users\wjsgh\desktop\hojoon\study\coding\cpp_prac\cpp_prac\x64\debug\cpp_prac.tlog\link.5840-cvtres.read.1.tlog
c:\users\wjsgh\desktop\hojoon\study\coding\cpp_prac\cpp_prac\x64\debug\cpp_prac.tlog\link.5840-cvtres.write.1.tlog
c:\users\wjsgh\desktop\hojoon\study\coding\cpp_prac\cpp_prac\x64\debug\cpp_prac.tlog\link.5840-rc.read.1.tlog
c:\users\wjsgh\desktop\hojoon\study\coding\cpp_prac\cpp_prac\x64\debug\cpp_prac.tlog\link.5840-rc.write.1.tlog
c:\users\wjsgh\desktop\hojoon\study\coding\cpp_prac\cpp_prac\x64\debug\cpp_prac.tlog\link.5840.read.1.tlog
c:\users\wjsgh\desktop\hojoon\study\coding\cpp_prac\cpp_prac\x64\debug\cpp_prac.tlog\link.5840.read.2.tlog
c:\users\wjsgh\desktop\hojoon\study\coding\cpp_prac\cpp_prac\x64\debug\cpp_prac.tlog\link.5840.write.1.tlog
c:\users\wjsgh\desktop\hojoon\study\coding\cpp_prac\cpp_prac\x64\debug\cpp_prac.tlog\link.command.1.tlog
c:\users\wjsgh\desktop\hojoon\study\coding\cpp_prac\cpp_prac\x64\debug\cpp_prac.tlog\link.read.1.tlog
c:\users\wjsgh\desktop\hojoon\study\coding\cpp_prac\cpp_prac\x64\debug\cpp_prac.tlog\link.read.2.tlog
c:\users\wjsgh\desktop\hojoon\study\coding\cpp_prac\cpp_prac\x64\debug\cpp_prac.tlog\link.write.1.tlog
